
--- 2026-03-08 14:44:12.913377 ---
GLOBAL ERROR: ac-5niqsjx-shard-00-01.jyyeusn.mongodb.net:27017: [Errno 11001] getaddrinfo failed (configured timeouts: socketTimeoutMS: 20000.0ms, connectTimeoutMS: 20000.0ms),ac-5niqsjx-shard-00-00.jyyeusn.mongodb.net:27017: [Errno 11001] getaddrinfo failed (configured timeouts: socketTimeoutMS: 20000.0ms, connectTimeoutMS: 20000.0ms),ac-5niqsjx-shard-00-02.jyyeusn.mongodb.net:27017: [Errno 11001] getaddrinfo failed (configured timeouts: socketTimeoutMS: 20000.0ms, connectTimeoutMS: 20000.0ms), Timeout: 10.0s, Topology Description: <TopologyDescription id: 69ad353c705f77bc0b6f9616, topology_type: ReplicaSetNoPrimary, servers: [<ServerDescription ('ac-5niqsjx-shard-00-00.jyyeusn.mongodb.net', 27017) server_type: Unknown, rtt: None, error=AutoReconnect('ac-5niqsjx-shard-00-00.jyyeusn.mongodb.net:27017: [Errno 11001] getaddrinfo failed (configured timeouts: socketTimeoutMS: 20000.0ms, connectTimeoutMS: 20000.0ms)')>, <ServerDescription ('ac-5niqsjx-shard-00-01.jyyeusn.mongodb.net', 27017) server_type: Unknown, rtt: None, error=AutoReconnect('ac-5niqsjx-shard-00-01.jyyeusn.mongodb.net:27017: [Errno 11001] getaddrinfo failed (configured timeouts: socketTimeoutMS: 20000.0ms, connectTimeoutMS: 20000.0ms)')>, <ServerDescription ('ac-5niqsjx-shard-00-02.jyyeusn.mongodb.net', 27017) server_type: Unknown, rtt: None, error=AutoReconnect('ac-5niqsjx-shard-00-02.jyyeusn.mongodb.net:27017: [Errno 11001] getaddrinfo failed (configured timeouts: socketTimeoutMS: 20000.0ms, connectTimeoutMS: 20000.0ms)')>]>
Traceback (most recent call last):
  File "C:\Users\shahs\AppData\Local\Python\pythoncore-3.14-64\Lib\site-packages\starlette\middleware\errors.py", line 164, in __call__
    await self.app(scope, receive, _send)
  File "C:\Users\shahs\AppData\Local\Python\pythoncore-3.14-64\Lib\site-packages\starlette\middleware\base.py", line 191, in __call__
    with recv_stream, send_stream, collapse_excgroups():
                                   ~~~~~~~~~~~~~~~~~~^^
  File "C:\Users\shahs\AppData\Local\Python\pythoncore-3.14-64\Lib\contextlib.py", line 162, in __exit__
    self.gen.throw(value)
    ~~~~~~~~~~~~~~^^^^^^^
  File "C:\Users\shahs\AppData\Local\Python\pythoncore-3.14-64\Lib\site-packages\starlette\_utils.py", line 87, in collapse_excgroups
    raise exc
  File "C:\Users\shahs\AppData\Local\Python\pythoncore-3.14-64\Lib\site-packages\starlette\middleware\base.py", line 193, in __call__
    response = await self.dispatch_func(request, call_next)
               ^^^^^^^^^^^^^^^^^^^^^^^^^^^^^^^^^^^^^^^^^^^^
  File "C:\Users\shahs\Review\app\main.py", line 39, in log_origin_middleware
    response = await call_next(request)
               ^^^^^^^^^^^^^^^^^^^^^^^^
  File "C:\Users\shahs\AppData\Local\Python\pythoncore-3.14-64\Lib\site-packages\starlette\middleware\base.py", line 168, in call_next
    raise app_exc from app_exc.__cause__ or app_exc.__context__
  File "C:\Users\shahs\AppData\Local\Python\pythoncore-3.14-64\Lib\site-packages\starlette\middleware\base.py", line 144, in coro
    await self.app(scope, receive_or_disconnect, send_no_error)
  File "C:\Users\shahs\AppData\Local\Python\pythoncore-3.14-64\Lib\site-packages\starlette\middleware\cors.py", line 95, in __call__
    await self.simple_response(scope, receive, send, request_headers=headers)
  File "C:\Users\shahs\AppData\Local\Python\pythoncore-3.14-64\Lib\site-packages\starlette\middleware\cors.py", line 153, in simple_response
    await self.app(scope, receive, send)
  File "C:\Users\shahs\AppData\Local\Python\pythoncore-3.14-64\Lib\site-packages\starlette\middleware\exceptions.py", line 63, in __call__
    await wrap_app_handling_exceptions(self.app, conn)(scope, receive, send)
  File "C:\Users\shahs\AppData\Local\Python\pythoncore-3.14-64\Lib\site-packages\starlette\_exception_handler.py", line 53, in wrapped_app
    raise exc
  File "C:\Users\shahs\AppData\Local\Python\pythoncore-3.14-64\Lib\site-packages\starlette\_exception_handler.py", line 42, in wrapped_app
    await app(scope, receive, sender)
  File "C:\Users\shahs\AppData\Local\Python\pythoncore-3.14-64\Lib\site-packages\fastapi\middleware\asyncexitstack.py", line 18, in __call__
    await self.app(scope, receive, send)
  File "C:\Users\shahs\AppData\Local\Python\pythoncore-3.14-64\Lib\site-packages\starlette\routing.py", line 716, in __call__
    await self.middleware_stack(scope, receive, send)
  File "C:\Users\shahs\AppData\Local\Python\pythoncore-3.14-64\Lib\site-packages\starlette\routing.py", line 736, in app
    await route.handle(scope, receive, send)
  File "C:\Users\shahs\AppData\Local\Python\pythoncore-3.14-64\Lib\site-packages\starlette\routing.py", line 290, in handle
    await self.app(scope, receive, send)
  File "C:\Users\shahs\AppData\Local\Python\pythoncore-3.14-64\Lib\site-packages\fastapi\routing.py", line 119, in app
    await wrap_app_handling_exceptions(app, request)(scope, receive, send)
  File "C:\Users\shahs\AppData\Local\Python\pythoncore-3.14-64\Lib\site-packages\starlette\_exception_handler.py", line 53, in wrapped_app
    raise exc
  File "C:\Users\shahs\AppData\Local\Python\pythoncore-3.14-64\Lib\site-packages\starlette\_exception_handler.py", line 42, in wrapped_app
    await app(scope, receive, sender)
  File "C:\Users\shahs\AppData\Local\Python\pythoncore-3.14-64\Lib\site-packages\fastapi\routing.py", line 105, in app
    response = await f(request)
               ^^^^^^^^^^^^^^^^
  File "C:\Users\shahs\AppData\Local\Python\pythoncore-3.14-64\Lib\site-packages\fastapi\routing.py", line 424, in app
    raw_response = await run_endpoint_function(
                   ^^^^^^^^^^^^^^^^^^^^^^^^^^^^
    ...<3 lines>...
    )
    ^
  File "C:\Users\shahs\AppData\Local\Python\pythoncore-3.14-64\Lib\site-packages\fastapi\routing.py", line 312, in run_endpoint_function
    return await dependant.call(**values)
           ^^^^^^^^^^^^^^^^^^^^^^^^^^^^^^
  File "C:\Users\shahs\Review\app\api\v1\public.py", line 29, in get_review_by_slug
    return await review_service.get_review_by_slug(db, slug)
           ^^^^^^^^^^^^^^^^^^^^^^^^^^^^^^^^^^^^^^^^^^^^^^^^^
  File "C:\Users\shahs\Review\app\services\review_service.py", line 73, in get_review_by_slug
    review = await db.reviews.find_one(query)
             ^^^^^^^^^^^^^^^^^^^^^^^^^^^^^^^^
  File "C:\Users\shahs\AppData\Local\Python\pythoncore-3.14-64\Lib\concurrent\futures\thread.py", line 86, in run
    result = ctx.run(self.task)
  File "C:\Users\shahs\AppData\Local\Python\pythoncore-3.14-64\Lib\concurrent\futures\thread.py", line 73, in run
    return fn(*args, **kwargs)
  File "C:\Users\shahs\AppData\Local\Python\pythoncore-3.14-64\Lib\site-packages\pymongo\synchronous\collection.py", line 1755, in find_one
    for result in cursor.limit(-1):
                  ~~~~~~~~~~~~^^^^
  File "C:\Users\shahs\AppData\Local\Python\pythoncore-3.14-64\Lib\site-packages\pymongo\synchronous\cursor.py", line 1289, in __next__
    return self.next()
           ~~~~~~~~~^^
  File "C:\Users\shahs\AppData\Local\Python\pythoncore-3.14-64\Lib\site-packages\pymongo\synchronous\cursor.py", line 1265, in next
    if len(self._data) or self._refresh():
                          ~~~~~~~~~~~~~^^
  File "C:\Users\shahs\AppData\Local\Python\pythoncore-3.14-64\Lib\site-packages\pymongo\synchronous\cursor.py", line 1213, in _refresh
    self._send_message(q)
    ~~~~~~~~~~~~~~~~~~^^^
  File "C:\Users\shahs\AppData\Local\Python\pythoncore-3.14-64\Lib\site-packages\pymongo\synchronous\cursor.py", line 1108, in _send_message
    response = client._run_operation(
        operation, self._unpack_response, address=self._address
    )
  File "C:\Users\shahs\AppData\Local\Python\pythoncore-3.14-64\Lib\site-packages\pymongo\_csot.py", line 125, in csot_wrapper
    return func(self, *args, **kwargs)
  File "C:\Users\shahs\AppData\Local\Python\pythoncore-3.14-64\Lib\site-packages\pymongo\synchronous\mongo_client.py", line 1938, in _run_operation
    return self._retryable_read(
           ~~~~~~~~~~~~~~~~~~~~^
        _cmd,
        ^^^^^
    ...<4 lines>...
        operation=operation.name,
        ^^^^^^^^^^^^^^^^^^^^^^^^^
    )
    ^
  File "C:\Users\shahs\AppData\Local\Python\pythoncore-3.14-64\Lib\site-packages\pymongo\synchronous\mongo_client.py", line 2048, in _retryable_read
    return self._retry_internal(
           ~~~~~~~~~~~~~~~~~~~~^
        func,
        ^^^^^
    ...<7 lines>...
        operation_id=operation_id,
        ^^^^^^^^^^^^^^^^^^^^^^^^^^
    )
    ^
  File "C:\Users\shahs\AppData\Local\Python\pythoncore-3.14-64\Lib\site-packages\pymongo\_csot.py", line 125, in csot_wrapper
    return func(self, *args, **kwargs)
  File "C:\Users\shahs\AppData\Local\Python\pythoncore-3.14-64\Lib\site-packages\pymongo\synchronous\mongo_client.py", line 2014, in _retry_internal
    ).run()
      ~~~^^
  File "C:\Users\shahs\AppData\Local\Python\pythoncore-3.14-64\Lib\site-packages\pymongo\synchronous\mongo_client.py", line 2763, in run
    return self._read() if self._is_read else self._write()
           ~~~~~~~~~~^^
  File "C:\Users\shahs\AppData\Local\Python\pythoncore-3.14-64\Lib\site-packages\pymongo\synchronous\mongo_client.py", line 2908, in _read
    self._server = self._get_server()
                   ~~~~~~~~~~~~~~~~^^
  File "C:\Users\shahs\AppData\Local\Python\pythoncore-3.14-64\Lib\site-packages\pymongo\synchronous\mongo_client.py", line 2856, in _get_server
    return self._client._select_server(
           ~~~~~~~~~~~~~~~~~~~~~~~~~~~^
        self._server_selector,
        ^^^^^^^^^^^^^^^^^^^^^^
    ...<4 lines>...
        operation_id=self._operation_id,
        ^^^^^^^^^^^^^^^^^^^^^^^^^^^^^^^^
    )
    ^
  File "C:\Users\shahs\AppData\Local\Python\pythoncore-3.14-64\Lib\site-packages\pymongo\synchronous\mongo_client.py", line 1833, in _select_server
    server = topology.select_server(
        server_selector,
    ...<2 lines>...
        operation_id=operation_id,
    )
  File "C:\Users\shahs\AppData\Local\Python\pythoncore-3.14-64\Lib\site-packages\pymongo\synchronous\topology.py", line 428, in select_server
    server = self._select_server(
        selector,
    ...<4 lines>...
        operation_id=operation_id,
    )
  File "C:\Users\shahs\AppData\Local\Python\pythoncore-3.14-64\Lib\site-packages\pymongo\synchronous\topology.py", line 402, in _select_server
    servers = self.select_servers(
        selector,
    ...<4 lines>...
        deprioritized_servers,
    )
  File "C:\Users\shahs\AppData\Local\Python\pythoncore-3.14-64\Lib\site-packages\pymongo\synchronous\topology.py", line 298, in select_servers
    server_descriptions = self._select_servers_loop(
        selector,
    ...<4 lines>...
        deprioritized_servers=deprioritized_servers,
    )
  File "C:\Users\shahs\AppData\Local\Python\pythoncore-3.14-64\Lib\site-packages\pymongo\synchronous\topology.py", line 359, in _select_servers_loop
    raise ServerSelectionTimeoutError(
        f"{self._error_message(selector)}, Timeout: {timeout}s, Topology Description: {self.description!r}"
    )
pymongo.errors.ServerSelectionTimeoutError: ac-5niqsjx-shard-00-01.jyyeusn.mongodb.net:27017: [Errno 11001] getaddrinfo failed (configured timeouts: socketTimeoutMS: 20000.0ms, connectTimeoutMS: 20000.0ms),ac-5niqsjx-shard-00-00.jyyeusn.mongodb.net:27017: [Errno 11001] getaddrinfo failed (configured timeouts: socketTimeoutMS: 20000.0ms, connectTimeoutMS: 20000.0ms),ac-5niqsjx-shard-00-02.jyyeusn.mongodb.net:27017: [Errno 11001] getaddrinfo failed (configured timeouts: socketTimeoutMS: 20000.0ms, connectTimeoutMS: 20000.0ms), Timeout: 10.0s, Topology Description: <TopologyDescription id: 69ad353c705f77bc0b6f9616, topology_type: ReplicaSetNoPrimary, servers: [<ServerDescription ('ac-5niqsjx-shard-00-00.jyyeusn.mongodb.net', 27017) server_type: Unknown, rtt: None, error=AutoReconnect('ac-5niqsjx-shard-00-00.jyyeusn.mongodb.net:27017: [Errno 11001] getaddrinfo failed (configured timeouts: socketTimeoutMS: 20000.0ms, connectTimeoutMS: 20000.0ms)')>, <ServerDescription ('ac-5niqsjx-shard-00-01.jyyeusn.mongodb.net', 27017) server_type: Unknown, rtt: None, error=AutoReconnect('ac-5niqsjx-shard-00-01.jyyeusn.mongodb.net:27017: [Errno 11001] getaddrinfo failed (configured timeouts: socketTimeoutMS: 20000.0ms, connectTimeoutMS: 20000.0ms)')>, <ServerDescription ('ac-5niqsjx-shard-00-02.jyyeusn.mongodb.net', 27017) server_type: Unknown, rtt: None, error=AutoReconnect('ac-5niqsjx-shard-00-02.jyyeusn.mongodb.net:27017: [Errno 11001] getaddrinfo failed (configured timeouts: socketTimeoutMS: 20000.0ms, connectTimeoutMS: 20000.0ms)')>]>


--- 2026-03-08 14:44:13.114553 ---
GLOBAL ERROR: ac-5niqsjx-shard-00-01.jyyeusn.mongodb.net:27017: [Errno 11001] getaddrinfo failed (configured timeouts: socketTimeoutMS: 20000.0ms, connectTimeoutMS: 20000.0ms),ac-5niqsjx-shard-00-00.jyyeusn.mongodb.net:27017: [Errno 11001] getaddrinfo failed (configured timeouts: socketTimeoutMS: 20000.0ms, connectTimeoutMS: 20000.0ms),ac-5niqsjx-shard-00-02.jyyeusn.mongodb.net:27017: [Errno 11001] getaddrinfo failed (configured timeouts: socketTimeoutMS: 20000.0ms, connectTimeoutMS: 20000.0ms), Timeout: 10.0s, Topology Description: <TopologyDescription id: 69ad353c705f77bc0b6f9616, topology_type: ReplicaSetNoPrimary, servers: [<ServerDescription ('ac-5niqsjx-shard-00-00.jyyeusn.mongodb.net', 27017) server_type: Unknown, rtt: None, error=AutoReconnect('ac-5niqsjx-shard-00-00.jyyeusn.mongodb.net:27017: [Errno 11001] getaddrinfo failed (configured timeouts: socketTimeoutMS: 20000.0ms, connectTimeoutMS: 20000.0ms)')>, <ServerDescription ('ac-5niqsjx-shard-00-01.jyyeusn.mongodb.net', 27017) server_type: Unknown, rtt: None, error=AutoReconnect('ac-5niqsjx-shard-00-01.jyyeusn.mongodb.net:27017: [Errno 11001] getaddrinfo failed (configured timeouts: socketTimeoutMS: 20000.0ms, connectTimeoutMS: 20000.0ms)')>, <ServerDescription ('ac-5niqsjx-shard-00-02.jyyeusn.mongodb.net', 27017) server_type: Unknown, rtt: None, error=AutoReconnect('ac-5niqsjx-shard-00-02.jyyeusn.mongodb.net:27017: [Errno 11001] getaddrinfo failed (configured timeouts: socketTimeoutMS: 20000.0ms, connectTimeoutMS: 20000.0ms)')>]>
Traceback (most recent call last):
  File "C:\Users\shahs\AppData\Local\Python\pythoncore-3.14-64\Lib\site-packages\starlette\middleware\errors.py", line 164, in __call__
    await self.app(scope, receive, _send)
  File "C:\Users\shahs\AppData\Local\Python\pythoncore-3.14-64\Lib\site-packages\starlette\middleware\base.py", line 191, in __call__
    with recv_stream, send_stream, collapse_excgroups():
                                   ~~~~~~~~~~~~~~~~~~^^
  File "C:\Users\shahs\AppData\Local\Python\pythoncore-3.14-64\Lib\contextlib.py", line 162, in __exit__
    self.gen.throw(value)
    ~~~~~~~~~~~~~~^^^^^^^
  File "C:\Users\shahs\AppData\Local\Python\pythoncore-3.14-64\Lib\site-packages\starlette\_utils.py", line 87, in collapse_excgroups
    raise exc
  File "C:\Users\shahs\AppData\Local\Python\pythoncore-3.14-64\Lib\site-packages\starlette\middleware\base.py", line 193, in __call__
    response = await self.dispatch_func(request, call_next)
               ^^^^^^^^^^^^^^^^^^^^^^^^^^^^^^^^^^^^^^^^^^^^
  File "C:\Users\shahs\Review\app\main.py", line 39, in log_origin_middleware
    response = await call_next(request)
               ^^^^^^^^^^^^^^^^^^^^^^^^
  File "C:\Users\shahs\AppData\Local\Python\pythoncore-3.14-64\Lib\site-packages\starlette\middleware\base.py", line 168, in call_next
    raise app_exc from app_exc.__cause__ or app_exc.__context__
  File "C:\Users\shahs\AppData\Local\Python\pythoncore-3.14-64\Lib\site-packages\starlette\middleware\base.py", line 144, in coro
    await self.app(scope, receive_or_disconnect, send_no_error)
  File "C:\Users\shahs\AppData\Local\Python\pythoncore-3.14-64\Lib\site-packages\starlette\middleware\cors.py", line 95, in __call__
    await self.simple_response(scope, receive, send, request_headers=headers)
  File "C:\Users\shahs\AppData\Local\Python\pythoncore-3.14-64\Lib\site-packages\starlette\middleware\cors.py", line 153, in simple_response
    await self.app(scope, receive, send)
  File "C:\Users\shahs\AppData\Local\Python\pythoncore-3.14-64\Lib\site-packages\starlette\middleware\exceptions.py", line 63, in __call__
    await wrap_app_handling_exceptions(self.app, conn)(scope, receive, send)
  File "C:\Users\shahs\AppData\Local\Python\pythoncore-3.14-64\Lib\site-packages\starlette\_exception_handler.py", line 53, in wrapped_app
    raise exc
  File "C:\Users\shahs\AppData\Local\Python\pythoncore-3.14-64\Lib\site-packages\starlette\_exception_handler.py", line 42, in wrapped_app
    await app(scope, receive, sender)
  File "C:\Users\shahs\AppData\Local\Python\pythoncore-3.14-64\Lib\site-packages\fastapi\middleware\asyncexitstack.py", line 18, in __call__
    await self.app(scope, receive, send)
  File "C:\Users\shahs\AppData\Local\Python\pythoncore-3.14-64\Lib\site-packages\starlette\routing.py", line 716, in __call__
    await self.middleware_stack(scope, receive, send)
  File "C:\Users\shahs\AppData\Local\Python\pythoncore-3.14-64\Lib\site-packages\starlette\routing.py", line 736, in app
    await route.handle(scope, receive, send)
  File "C:\Users\shahs\AppData\Local\Python\pythoncore-3.14-64\Lib\site-packages\starlette\routing.py", line 290, in handle
    await self.app(scope, receive, send)
  File "C:\Users\shahs\AppData\Local\Python\pythoncore-3.14-64\Lib\site-packages\fastapi\routing.py", line 119, in app
    await wrap_app_handling_exceptions(app, request)(scope, receive, send)
  File "C:\Users\shahs\AppData\Local\Python\pythoncore-3.14-64\Lib\site-packages\starlette\_exception_handler.py", line 53, in wrapped_app
    raise exc
  File "C:\Users\shahs\AppData\Local\Python\pythoncore-3.14-64\Lib\site-packages\starlette\_exception_handler.py", line 42, in wrapped_app
    await app(scope, receive, sender)
  File "C:\Users\shahs\AppData\Local\Python\pythoncore-3.14-64\Lib\site-packages\fastapi\routing.py", line 105, in app
    response = await f(request)
               ^^^^^^^^^^^^^^^^
  File "C:\Users\shahs\AppData\Local\Python\pythoncore-3.14-64\Lib\site-packages\fastapi\routing.py", line 424, in app
    raw_response = await run_endpoint_function(
                   ^^^^^^^^^^^^^^^^^^^^^^^^^^^^
    ...<3 lines>...
    )
    ^
  File "C:\Users\shahs\AppData\Local\Python\pythoncore-3.14-64\Lib\site-packages\fastapi\routing.py", line 312, in run_endpoint_function
    return await dependant.call(**values)
           ^^^^^^^^^^^^^^^^^^^^^^^^^^^^^^
  File "C:\Users\shahs\Review\app\api\v1\public.py", line 56, in get_related_reviews
    return await review_service.get_related_reviews(db, slug)
           ^^^^^^^^^^^^^^^^^^^^^^^^^^^^^^^^^^^^^^^^^^^^^^^^^^
  File "C:\Users\shahs\Review\app\services\review_service.py", line 116, in get_related_reviews
    target = await db.reviews.find_one(target_query)
             ^^^^^^^^^^^^^^^^^^^^^^^^^^^^^^^^^^^^^^^
  File "C:\Users\shahs\AppData\Local\Python\pythoncore-3.14-64\Lib\concurrent\futures\thread.py", line 86, in run
    result = ctx.run(self.task)
  File "C:\Users\shahs\AppData\Local\Python\pythoncore-3.14-64\Lib\concurrent\futures\thread.py", line 73, in run
    return fn(*args, **kwargs)
  File "C:\Users\shahs\AppData\Local\Python\pythoncore-3.14-64\Lib\site-packages\pymongo\synchronous\collection.py", line 1755, in find_one
    for result in cursor.limit(-1):
                  ~~~~~~~~~~~~^^^^
  File "C:\Users\shahs\AppData\Local\Python\pythoncore-3.14-64\Lib\site-packages\pymongo\synchronous\cursor.py", line 1289, in __next__
    return self.next()
           ~~~~~~~~~^^
  File "C:\Users\shahs\AppData\Local\Python\pythoncore-3.14-64\Lib\site-packages\pymongo\synchronous\cursor.py", line 1265, in next
    if len(self._data) or self._refresh():
                          ~~~~~~~~~~~~~^^
  File "C:\Users\shahs\AppData\Local\Python\pythoncore-3.14-64\Lib\site-packages\pymongo\synchronous\cursor.py", line 1213, in _refresh
    self._send_message(q)
    ~~~~~~~~~~~~~~~~~~^^^
  File "C:\Users\shahs\AppData\Local\Python\pythoncore-3.14-64\Lib\site-packages\pymongo\synchronous\cursor.py", line 1108, in _send_message
    response = client._run_operation(
        operation, self._unpack_response, address=self._address
    )
  File "C:\Users\shahs\AppData\Local\Python\pythoncore-3.14-64\Lib\site-packages\pymongo\_csot.py", line 125, in csot_wrapper
    return func(self, *args, **kwargs)
  File "C:\Users\shahs\AppData\Local\Python\pythoncore-3.14-64\Lib\site-packages\pymongo\synchronous\mongo_client.py", line 1938, in _run_operation
    return self._retryable_read(
           ~~~~~~~~~~~~~~~~~~~~^
        _cmd,
        ^^^^^
    ...<4 lines>...
        operation=operation.name,
        ^^^^^^^^^^^^^^^^^^^^^^^^^
    )
    ^
  File "C:\Users\shahs\AppData\Local\Python\pythoncore-3.14-64\Lib\site-packages\pymongo\synchronous\mongo_client.py", line 2048, in _retryable_read
    return self._retry_internal(
           ~~~~~~~~~~~~~~~~~~~~^
        func,
        ^^^^^
    ...<7 lines>...
        operation_id=operation_id,
        ^^^^^^^^^^^^^^^^^^^^^^^^^^
    )
    ^
  File "C:\Users\shahs\AppData\Local\Python\pythoncore-3.14-64\Lib\site-packages\pymongo\_csot.py", line 125, in csot_wrapper
    return func(self, *args, **kwargs)
  File "C:\Users\shahs\AppData\Local\Python\pythoncore-3.14-64\Lib\site-packages\pymongo\synchronous\mongo_client.py", line 2014, in _retry_internal
    ).run()
      ~~~^^
  File "C:\Users\shahs\AppData\Local\Python\pythoncore-3.14-64\Lib\site-packages\pymongo\synchronous\mongo_client.py", line 2763, in run
    return self._read() if self._is_read else self._write()
           ~~~~~~~~~~^^
  File "C:\Users\shahs\AppData\Local\Python\pythoncore-3.14-64\Lib\site-packages\pymongo\synchronous\mongo_client.py", line 2908, in _read
    self._server = self._get_server()
                   ~~~~~~~~~~~~~~~~^^
  File "C:\Users\shahs\AppData\Local\Python\pythoncore-3.14-64\Lib\site-packages\pymongo\synchronous\mongo_client.py", line 2856, in _get_server
    return self._client._select_server(
           ~~~~~~~~~~~~~~~~~~~~~~~~~~~^
        self._server_selector,
        ^^^^^^^^^^^^^^^^^^^^^^
    ...<4 lines>...
        operation_id=self._operation_id,
        ^^^^^^^^^^^^^^^^^^^^^^^^^^^^^^^^
    )
    ^
  File "C:\Users\shahs\AppData\Local\Python\pythoncore-3.14-64\Lib\site-packages\pymongo\synchronous\mongo_client.py", line 1833, in _select_server
    server = topology.select_server(
        server_selector,
    ...<2 lines>...
        operation_id=operation_id,
    )
  File "C:\Users\shahs\AppData\Local\Python\pythoncore-3.14-64\Lib\site-packages\pymongo\synchronous\topology.py", line 428, in select_server
    server = self._select_server(
        selector,
    ...<4 lines>...
        operation_id=operation_id,
    )
  File "C:\Users\shahs\AppData\Local\Python\pythoncore-3.14-64\Lib\site-packages\pymongo\synchronous\topology.py", line 402, in _select_server
    servers = self.select_servers(
        selector,
    ...<4 lines>...
        deprioritized_servers,
    )
  File "C:\Users\shahs\AppData\Local\Python\pythoncore-3.14-64\Lib\site-packages\pymongo\synchronous\topology.py", line 298, in select_servers
    server_descriptions = self._select_servers_loop(
        selector,
    ...<4 lines>...
        deprioritized_servers=deprioritized_servers,
    )
  File "C:\Users\shahs\AppData\Local\Python\pythoncore-3.14-64\Lib\site-packages\pymongo\synchronous\topology.py", line 359, in _select_servers_loop
    raise ServerSelectionTimeoutError(
        f"{self._error_message(selector)}, Timeout: {timeout}s, Topology Description: {self.description!r}"
    )
pymongo.errors.ServerSelectionTimeoutError: ac-5niqsjx-shard-00-01.jyyeusn.mongodb.net:27017: [Errno 11001] getaddrinfo failed (configured timeouts: socketTimeoutMS: 20000.0ms, connectTimeoutMS: 20000.0ms),ac-5niqsjx-shard-00-00.jyyeusn.mongodb.net:27017: [Errno 11001] getaddrinfo failed (configured timeouts: socketTimeoutMS: 20000.0ms, connectTimeoutMS: 20000.0ms),ac-5niqsjx-shard-00-02.jyyeusn.mongodb.net:27017: [Errno 11001] getaddrinfo failed (configured timeouts: socketTimeoutMS: 20000.0ms, connectTimeoutMS: 20000.0ms), Timeout: 10.0s, Topology Description: <TopologyDescription id: 69ad353c705f77bc0b6f9616, topology_type: ReplicaSetNoPrimary, servers: [<ServerDescription ('ac-5niqsjx-shard-00-00.jyyeusn.mongodb.net', 27017) server_type: Unknown, rtt: None, error=AutoReconnect('ac-5niqsjx-shard-00-00.jyyeusn.mongodb.net:27017: [Errno 11001] getaddrinfo failed (configured timeouts: socketTimeoutMS: 20000.0ms, connectTimeoutMS: 20000.0ms)')>, <ServerDescription ('ac-5niqsjx-shard-00-01.jyyeusn.mongodb.net', 27017) server_type: Unknown, rtt: None, error=AutoReconnect('ac-5niqsjx-shard-00-01.jyyeusn.mongodb.net:27017: [Errno 11001] getaddrinfo failed (configured timeouts: socketTimeoutMS: 20000.0ms, connectTimeoutMS: 20000.0ms)')>, <ServerDescription ('ac-5niqsjx-shard-00-02.jyyeusn.mongodb.net', 27017) server_type: Unknown, rtt: None, error=AutoReconnect('ac-5niqsjx-shard-00-02.jyyeusn.mongodb.net:27017: [Errno 11001] getaddrinfo failed (configured timeouts: socketTimeoutMS: 20000.0ms, connectTimeoutMS: 20000.0ms)')>]>

